# JRE version: OpenJDK Runtime Environment (11.0.11+9) (build 11.0.11+9-b60-7590822)
# Java VM: OpenJDK 64-Bit Server VM (11.0.11+9-b60-7590822, mixed mode, tiered, compressed oops, g1 gc, windows-amd64)
Heap:
 garbage-first heap   total 320512K, used 245984K [0x0000000080000000, 0x0000000100000000)
  region size 1024K, 81 young (82944K), 8 survivors (8192K)
 Metaspace       used 142881K, capacity 146857K, committed 146952K, reserved 1177600K
  class space    used 17671K, capacity 19188K, committed 19200K, reserved 1048576K
GC Heap History (20 events):
Event: 2184.268 GC heap before
{Heap before GC invocations=57 (full 0):
 garbage-first heap   total 320512K, used 132117K [0x0000000080000000, 0x0000000100000000)
  region size 1024K, 3 young (3072K), 1 survivors (1024K)
 Metaspace       used 139792K, capacity 143567K, committed 144136K, reserved 1175552K
  class space    used 17357K, capacity 18753K, committed 18944K, reserved 1048576K
}
Event: 2184.275 GC heap after
{Heap after GC invocations=58 (full 0):
 garbage-first heap   total 320512K, used 130665K [0x0000000080000000, 0x0000000100000000)
  region size 1024K, 1 young (1024K), 1 survivors (1024K)
 Metaspace       used 139792K, capacity 143567K, committed 144136K, reserved 1175552K
  class space    used 17357K, capacity 18753K, committed 18944K, reserved 1048576K
}
Event: 2185.599 GC heap before
{Heap before GC invocations=59 (full 0):
 garbage-first heap   total 320512K, used 259689K [0x0000000080000000, 0x0000000100000000)
  region size 1024K, 108 young (110592K), 1 survivors (1024K)
 Metaspace       used 141755K, capacity 145663K, committed 145928K, reserved 1175552K
  class space    used 17600K, capacity 19093K, committed 19200K, reserved 1048576K
}
Event: 2185.604 GC heap after
{Heap after GC invocations=60 (full 0):
 garbage-first heap   total 320512K, used 131648K [0x0000000080000000, 0x0000000100000000)
  region size 1024K, 2 young (2048K), 2 survivors (2048K)
 Metaspace       used 141755K, capacity 145663K, committed 145928K, reserved 1175552K
  class space    used 17600K, capacity 19093K, committed 19200K, reserved 1048576K
}
Event: 2443.509 GC heap before
{Heap before GC invocations=60 (full 0):
 garbage-first heap   total 320512K, used 144960K [0x0000000080000000, 0x0000000100000000)
  region size 1024K, 15 young (15360K), 2 survivors (2048K)
 Metaspace       used 141800K, capacity 145690K, committed 145928K, reserved 1175552K
  class space    used 17603K, capacity 19099K, committed 19200K, reserved 1048576K
}
Event: 2443.516 GC heap after
{Heap after GC invocations=61 (full 0):
 garbage-first heap   total 320512K, used 132493K [0x0000000080000000, 0x0000000100000000)
  region size 1024K, 2 young (2048K), 2 survivors (2048K)
 Metaspace       used 141800K, capacity 145690K, committed 145928K, reserved 1175552K
  class space    used 17603K, capacity 19099K, committed 19200K, reserved 1048576K
}
Event: 2443.924 GC heap before
{Heap before GC invocations=61 (full 0):
 garbage-first heap   total 320512K, used 167309K [0x0000000080000000, 0x0000000100000000)
  region size 1024K, 37 young (37888K), 2 survivors (2048K)
 Metaspace       used 141940K, capacity 145783K, committed 145928K, reserved 1175552K
  class space    used 17608K, capacity 19103K, committed 19200K, reserved 1048576K
}
Event: 2443.937 GC heap after
{Heap after GC invocations=62 (full 0):
 garbage-first heap   total 320512K, used 136835K [0x0000000080000000, 0x0000000100000000)
  region size 1024K, 7 young (7168K), 7 survivors (7168K)
 Metaspace       used 141940K, capacity 145783K, committed 145928K, reserved 1175552K
  class space    used 17608K, capacity 19103K, committed 19200K, reserved 1048576K
}
Event: 2446.184 GC heap before
{Heap before GC invocations=63 (full 0):
 garbage-first heap   total 320512K, used 235139K [0x0000000080000000, 0x0000000100000000)
  region size 1024K, 87 young (89088K), 7 survivors (7168K)
 Metaspace       used 142261K, capacity 146147K, committed 146440K, reserved 1177600K
  class space    used 17639K, capacity 19135K, committed 19200K, reserved 1048576K
}
Event: 2446.193 GC heap after
{Heap after GC invocations=64 (full 0):
 garbage-first heap   total 320512K, used 139162K [0x0000000080000000, 0x0000000100000000)
  region size 1024K, 8 young (8192K), 8 survivors (8192K)
 Metaspace       used 142261K, capacity 146147K, committed 146440K, reserved 1177600K
  class space    used 17639K, capacity 19135K, committed 19200K, reserved 1048576K
}
Event: 2446.211 GC heap before
{Heap before GC invocations=64 (full 0):
 garbage-first heap   total 320512K, used 146330K [0x0000000080000000, 0x0000000100000000)
  region size 1024K, 15 young (15360K), 8 survivors (8192K)
 Metaspace       used 142264K, capacity 146147K, committed 146440K, reserved 1177600K
  class space    used 17639K, capacity 19135K, committed 19200K, reserved 1048576K
}
Event: 2446.228 GC heap after
{Heap after GC invocations=65 (full 0):
 garbage-first heap   total 320512K, used 137769K [0x0000000080000000, 0x0000000100000000)
  region size 1024K, 2 young (2048K), 2 survivors (2048K)
 Metaspace       used 142264K, capacity 146147K, committed 146440K, reserved 1177600K
  class space    used 17639K, capacity 19135K, committed 19200K, reserved 1048576K
}
Event: 2446.550 GC heap before
{Heap before GC invocations=65 (full 0):
 garbage-first heap   total 320512K, used 182825K [0x0000000080000000, 0x0000000100000000)
  region size 1024K, 47 young (48128K), 2 survivors (2048K)
 Metaspace       used 142330K, capacity 146215K, committed 146440K, reserved 1177600K
  class space    used 17641K, capacity 19136K, committed 19200K, reserved 1048576K
}
Event: 2446.560 GC heap after
{Heap after GC invocations=66 (full 0):
 garbage-first heap   total 320512K, used 139364K [0x0000000080000000, 0x0000000100000000)
  region size 1024K, 4 young (4096K), 4 survivors (4096K)
 Metaspace       used 142330K, capacity 146215K, committed 146440K, reserved 1177600K
  class space    used 17641K, capacity 19136K, committed 19200K, reserved 1048576K
}
Event: 2728.219 GC heap before
{Heap before GC invocations=67 (full 0):
 garbage-first heap   total 320512K, used 233572K [0x0000000080000000, 0x0000000100000000)
  region size 1024K, 89 young (91136K), 4 survivors (4096K)
 Metaspace       used 142546K, capacity 146450K, committed 146696K, reserved 1177600K
  class space    used 17650K, capacity 19153K, committed 19200K, reserved 1048576K
}
Event: 2728.239 GC heap after
{Heap after GC invocations=68 (full 0):
 garbage-first heap   total 320512K, used 156635K [0x0000000080000000, 0x0000000100000000)
  region size 1024K, 12 young (12288K), 12 survivors (12288K)
 Metaspace       used 142546K, capacity 146450K, committed 146696K, reserved 1177600K
  class space    used 17650K, capacity 19153K, committed 19200K, reserved 1048576K
}
Event: 2728.260 GC heap before
{Heap before GC invocations=68 (full 0):
 garbage-first heap   total 320512K, used 159707K [0x0000000080000000, 0x0000000100000000)
  region size 1024K, 15 young (15360K), 12 survivors (12288K)
 Metaspace       used 142547K, capacity 146450K, committed 146696K, reserved 1177600K
  class space    used 17650K, capacity 19153K, committed 19200K, reserved 1048576K
}
Event: 2728.279 GC heap after
{Heap after GC invocations=69 (full 0):
 garbage-first heap   total 320512K, used 152007K [0x0000000080000000, 0x0000000100000000)
  region size 1024K, 2 young (2048K), 2 survivors (2048K)
 Metaspace       used 142547K, capacity 146450K, committed 146696K, reserved 1177600K
  class space    used 17650K, capacity 19153K, committed 19200K, reserved 1048576K
}
Event: 2728.343 GC heap before
{Heap before GC invocations=69 (full 0):
 garbage-first heap   total 320512K, used 170439K [0x0000000080000000, 0x0000000100000000)
  region size 1024K, 21 young (21504K), 2 survivors (2048K)
 Metaspace       used 142551K, capacity 146450K, committed 146696K, reserved 1177600K
  class space    used 17650K, capacity 19153K, committed 19200K, reserved 1048576K
}
Event: 2728.356 GC heap after
{Heap after GC invocations=70 (full 0):
 garbage-first heap   total 320512K, used 157920K [0x0000000080000000, 0x0000000100000000)
  region size 1024K, 8 young (8192K), 8 survivors (8192K)
 Metaspace       used 142551K, capacity 146450K, committed 146696K, reserved 1177600K
  class space    used 17650K, capacity 19153K, committed 19200K, reserved 1048576K
}

